Analysis & Synthesis report for Lab2
Thu Feb 19 01:07:57 2015
Quartus II 64-Bit Version 13.0.1 Build 232 06/12/2013 Service Pack 1 SJ Web Edition


---------------------
; Table of Contents ;
---------------------
  1. Legal Notice
  2. Analysis & Synthesis Summary
  3. Analysis & Synthesis Settings
  4. Parallel Compilation
  5. Analysis & Synthesis Source Files Read
  6. Analysis & Synthesis Resource Usage Summary
  7. Analysis & Synthesis Resource Utilization by Entity
  8. General Register Statistics
  9. Elapsed Time Per Partition
 10. Analysis & Synthesis Messages



----------------
; Legal Notice ;
----------------
Copyright (C) 1991-2013 Altera Corporation
Your use of Altera Corporation's design tools, logic functions 
and other software and tools, and its AMPP partner logic 
functions, and any output files from any of the foregoing 
(including device programming or simulation files), and any 
associated documentation or information are expressly subject 
to the terms and conditions of the Altera Program License 
Subscription Agreement, Altera MegaCore Function License 
Agreement, or other applicable license agreement, including, 
without limitation, that your use is for the sole purpose of 
programming logic devices manufactured by Altera and sold by 
Altera or its authorized distributors.  Please refer to the 
applicable agreement for further details.



+--------------------------------------------------------------------------------------+
; Analysis & Synthesis Summary                                                         ;
+------------------------------------+-------------------------------------------------+
; Analysis & Synthesis Status        ; Successful - Thu Feb 19 01:07:57 2015           ;
; Quartus II 64-Bit Version          ; 13.0.1 Build 232 06/12/2013 SP 1 SJ Web Edition ;
; Revision Name                      ; Lab2                                            ;
; Top-level Entity Name              ; Lab2                                            ;
; Family                             ; Cyclone IV GX                                   ;
; Total logic elements               ; 0                                               ;
;     Total combinational functions  ; 0                                               ;
;     Dedicated logic registers      ; 0                                               ;
; Total registers                    ; 0                                               ;
; Total pins                         ; 37                                              ;
; Total virtual pins                 ; 0                                               ;
; Total memory bits                  ; 0                                               ;
; Embedded Multiplier 9-bit elements ; 0                                               ;
; Total GXB Receiver Channel PCS     ; 0                                               ;
; Total GXB Receiver Channel PMA     ; 0                                               ;
; Total GXB Transmitter Channel PCS  ; 0                                               ;
; Total GXB Transmitter Channel PMA  ; 0                                               ;
; Total PLLs                         ; 0                                               ;
+------------------------------------+-------------------------------------------------+


+----------------------------------------------------------------------------------------------------------------------+
; Analysis & Synthesis Settings                                                                                        ;
+----------------------------------------------------------------------------+--------------------+--------------------+
; Option                                                                     ; Setting            ; Default Value      ;
+----------------------------------------------------------------------------+--------------------+--------------------+
; Top-level entity name                                                      ; Lab2               ; Lab2               ;
; Family name                                                                ; Cyclone IV GX      ; Cyclone IV GX      ;
; Use smart compilation                                                      ; Off                ; Off                ;
; Enable parallel Assembler and TimeQuest Timing Analyzer during compilation ; On                 ; On                 ;
; Enable compact report table                                                ; Off                ; Off                ;
; Restructure Multiplexers                                                   ; Auto               ; Auto               ;
; Create Debugging Nodes for IP Cores                                        ; Off                ; Off                ;
; Preserve fewer node names                                                  ; On                 ; On                 ;
; Disable OpenCore Plus hardware evaluation                                  ; Off                ; Off                ;
; Verilog Version                                                            ; Verilog_2001       ; Verilog_2001       ;
; VHDL Version                                                               ; VHDL_1993          ; VHDL_1993          ;
; State Machine Processing                                                   ; Auto               ; Auto               ;
; Safe State Machine                                                         ; Off                ; Off                ;
; Extract Verilog State Machines                                             ; On                 ; On                 ;
; Extract VHDL State Machines                                                ; On                 ; On                 ;
; Ignore Verilog initial constructs                                          ; Off                ; Off                ;
; Iteration limit for constant Verilog loops                                 ; 5000               ; 5000               ;
; Iteration limit for non-constant Verilog loops                             ; 250                ; 250                ;
; Add Pass-Through Logic to Inferred RAMs                                    ; On                 ; On                 ;
; Infer RAMs from Raw Logic                                                  ; On                 ; On                 ;
; Parallel Synthesis                                                         ; On                 ; On                 ;
; DSP Block Balancing                                                        ; Auto               ; Auto               ;
; NOT Gate Push-Back                                                         ; On                 ; On                 ;
; Power-Up Don't Care                                                        ; On                 ; On                 ;
; Remove Redundant Logic Cells                                               ; Off                ; Off                ;
; Remove Duplicate Registers                                                 ; On                 ; On                 ;
; Ignore CARRY Buffers                                                       ; Off                ; Off                ;
; Ignore CASCADE Buffers                                                     ; Off                ; Off                ;
; Ignore GLOBAL Buffers                                                      ; Off                ; Off                ;
; Ignore ROW GLOBAL Buffers                                                  ; Off                ; Off                ;
; Ignore LCELL Buffers                                                       ; Off                ; Off                ;
; Ignore SOFT Buffers                                                        ; On                 ; On                 ;
; Limit AHDL Integers to 32 Bits                                             ; Off                ; Off                ;
; Optimization Technique                                                     ; Balanced           ; Balanced           ;
; Carry Chain Length                                                         ; 70                 ; 70                 ;
; Auto Carry Chains                                                          ; On                 ; On                 ;
; Auto Open-Drain Pins                                                       ; On                 ; On                 ;
; Perform WYSIWYG Primitive Resynthesis                                      ; Off                ; Off                ;
; Auto ROM Replacement                                                       ; On                 ; On                 ;
; Auto RAM Replacement                                                       ; On                 ; On                 ;
; Auto DSP Block Replacement                                                 ; On                 ; On                 ;
; Auto Shift Register Replacement                                            ; Auto               ; Auto               ;
; Allow Shift Register Merging across Hierarchies                            ; Auto               ; Auto               ;
; Auto Clock Enable Replacement                                              ; On                 ; On                 ;
; Strict RAM Replacement                                                     ; Off                ; Off                ;
; Allow Synchronous Control Signals                                          ; On                 ; On                 ;
; Force Use of Synchronous Clear Signals                                     ; Off                ; Off                ;
; Auto RAM Block Balancing                                                   ; On                 ; On                 ;
; Auto RAM to Logic Cell Conversion                                          ; Off                ; Off                ;
; Auto Resource Sharing                                                      ; Off                ; Off                ;
; Allow Any RAM Size For Recognition                                         ; Off                ; Off                ;
; Allow Any ROM Size For Recognition                                         ; Off                ; Off                ;
; Allow Any Shift Register Size For Recognition                              ; Off                ; Off                ;
; Use LogicLock Constraints during Resource Balancing                        ; On                 ; On                 ;
; Ignore translate_off and synthesis_off directives                          ; Off                ; Off                ;
; Timing-Driven Synthesis                                                    ; On                 ; On                 ;
; Report Parameter Settings                                                  ; On                 ; On                 ;
; Report Source Assignments                                                  ; On                 ; On                 ;
; Report Connectivity Checks                                                 ; On                 ; On                 ;
; Ignore Maximum Fan-Out Assignments                                         ; Off                ; Off                ;
; Synchronization Register Chain Length                                      ; 2                  ; 2                  ;
; PowerPlay Power Optimization                                               ; Normal compilation ; Normal compilation ;
; HDL message level                                                          ; Level2             ; Level2             ;
; Suppress Register Optimization Related Messages                            ; Off                ; Off                ;
; Number of Removed Registers Reported in Synthesis Report                   ; 5000               ; 5000               ;
; Number of Swept Nodes Reported in Synthesis Report                         ; 5000               ; 5000               ;
; Number of Inverted Registers Reported in Synthesis Report                  ; 100                ; 100                ;
; Clock MUX Protection                                                       ; On                 ; On                 ;
; Auto Gated Clock Conversion                                                ; Off                ; Off                ;
; Block Design Naming                                                        ; Auto               ; Auto               ;
; SDC constraint protection                                                  ; Off                ; Off                ;
; Synthesis Effort                                                           ; Auto               ; Auto               ;
; Shift Register Replacement - Allow Asynchronous Clear Signal               ; On                 ; On                 ;
; Pre-Mapping Resynthesis Optimization                                       ; Off                ; Off                ;
; Analysis & Synthesis Message Level                                         ; Medium             ; Medium             ;
; Disable Register Merging Across Hierarchies                                ; Auto               ; Auto               ;
; Resource Aware Inference For Block RAM                                     ; On                 ; On                 ;
; Synthesis Seed                                                             ; 1                  ; 1                  ;
+----------------------------------------------------------------------------+--------------------+--------------------+


Parallel compilation was disabled, but you have multiple processors available. Enable parallel compilation to reduce compilation time.
+-------------------------------------+
; Parallel Compilation                ;
+----------------------------+--------+
; Processors                 ; Number ;
+----------------------------+--------+
; Number detected on machine ; 4      ;
; Maximum allowed            ; 1      ;
+----------------------------+--------+


+------------------------------------------------------------------------------------------------------------------------------------------------------------------+
; Analysis & Synthesis Source Files Read                                                                                                                           ;
+----------------------------------+-----------------+------------------------------------------+--------------------------------------------------------+---------+
; File Name with User-Entered Path ; Used in Netlist ; File Type                                ; File Name with Absolute Path                           ; Library ;
+----------------------------------+-----------------+------------------------------------------+--------------------------------------------------------+---------+
; control.sv                       ; yes             ; User SystemVerilog HDL File              ; C:/Users/Chet/Dev/fuzzy-computing-machine/control.sv   ;         ;
; lab2.bdf                         ; yes             ; Auto-Found Block Diagram/Schematic File  ; C:/Users/Chet/Dev/fuzzy-computing-machine/lab2.bdf     ;         ;
; regfile.sv                       ; yes             ; Auto-Found SystemVerilog HDL File        ; C:/Users/Chet/Dev/fuzzy-computing-machine/regfile.sv   ;         ;
; instr_rom.sv                     ; yes             ; Auto-Found SystemVerilog HDL File        ; C:/Users/Chet/Dev/fuzzy-computing-machine/instr_rom.sv ;         ;
; fetch.sv                         ; yes             ; Auto-Found SystemVerilog HDL File        ; C:/Users/Chet/Dev/fuzzy-computing-machine/fetch.sv     ;         ;
; alu.sv                           ; yes             ; Auto-Found SystemVerilog HDL File        ; C:/Users/Chet/Dev/fuzzy-computing-machine/alu.sv       ;         ;
+----------------------------------+-----------------+------------------------------------------+--------------------------------------------------------+---------+


+---------------------------------------------+
; Analysis & Synthesis Resource Usage Summary ;
+--------------------------+------------------+
; Resource                 ; Usage            ;
+--------------------------+------------------+
; I/O pins                 ; 37               ;
; DSP block 9-bit elements ; 0                ;
; Maximum fan-out node     ; currentPC~output ;
; Maximum fan-out          ; 1                ;
; Total fan-out            ; 37               ;
; Average fan-out          ; 0.50             ;
+--------------------------+------------------+


+-----------------------------------------------------------------------------------------------------------------------------------------------------------------------------------------+
; Analysis & Synthesis Resource Utilization by Entity                                                                                                                                     ;
+----------------------------+-------------------+--------------+-------------+--------------+---------+-----------+-----------+------+--------------+---------------------+--------------+
; Compilation Hierarchy Node ; LC Combinationals ; LC Registers ; Memory Bits ; DSP Elements ; DSP 9x9 ; DSP 18x18 ; DSP 36x36 ; Pins ; Virtual Pins ; Full Hierarchy Name ; Library Name ;
+----------------------------+-------------------+--------------+-------------+--------------+---------+-----------+-----------+------+--------------+---------------------+--------------+
; |Lab2                      ; 0 (0)             ; 0 (0)        ; 0           ; 0            ; 0       ; 0         ; 0         ; 37   ; 0            ; |Lab2               ; work         ;
+----------------------------+-------------------+--------------+-------------+--------------+---------+-----------+-----------+------+--------------+---------------------+--------------+
Note: For table entries with two numbers listed, the numbers in parentheses indicate the number of resources of the given type used by the specific entity alone. The numbers listed outside of parentheses indicate the total resources of the given type used by the specific entity and all of its sub-entities in the hierarchy.


+------------------------------------------------------+
; General Register Statistics                          ;
+----------------------------------------------+-------+
; Statistic                                    ; Value ;
+----------------------------------------------+-------+
; Total registers                              ; 0     ;
; Number of registers using Synchronous Clear  ; 0     ;
; Number of registers using Synchronous Load   ; 0     ;
; Number of registers using Asynchronous Clear ; 0     ;
; Number of registers using Asynchronous Load  ; 0     ;
; Number of registers using Clock Enable       ; 0     ;
; Number of registers using Preset             ; 0     ;
+----------------------------------------------+-------+


+-------------------------------+
; Elapsed Time Per Partition    ;
+----------------+--------------+
; Partition Name ; Elapsed Time ;
+----------------+--------------+
; Top            ; 00:00:00     ;
+----------------+--------------+


+-------------------------------+
; Analysis & Synthesis Messages ;
+-------------------------------+
Info: *******************************************************************
Info: Running Quartus II 64-Bit Analysis & Synthesis
    Info: Version 13.0.1 Build 232 06/12/2013 Service Pack 1 SJ Web Edition
    Info: Processing started: Thu Feb 19 01:07:55 2015
Info: Command: quartus_map --read_settings_files=on --write_settings_files=off Lab2 -c Lab2
Warning (20028): Parallel compilation is not licensed and has been disabled
Info (12021): Found 1 design units, including 1 entities, in source file control.sv
    Info (12023): Found entity 1: control
Warning (12125): Using design file lab2.bdf, which is not specified as a design file for the current project, but contains definitions for 1 design units and 1 entities in project
    Info (12023): Found entity 1: Lab2
Info (12127): Elaborating entity "Lab2" for the top level hierarchy
Warning (275043): Pin "currentPC" is missing source
Warning (12125): Using design file regfile.sv, which is not specified as a design file for the current project, but contains definitions for 1 design units and 1 entities in project
    Info (12023): Found entity 1: regfile
Info (12128): Elaborating entity "regfile" for hierarchy "regfile:inst"
Warning (12125): Using design file instr_rom.sv, which is not specified as a design file for the current project, but contains definitions for 1 design units and 1 entities in project
    Info (12023): Found entity 1: instr_rom
Info (12128): Elaborating entity "instr_rom" for hierarchy "instr_rom:inst3"
Warning (10270): Verilog HDL Case Statement warning at instr_rom.sv(49): incomplete case statement has no default case item
Warning (10230): Verilog HDL assignment warning at instr_rom.sv(91): truncated value with size 32 to match size of target (3)
Warning (10230): Verilog HDL assignment warning at instr_rom.sv(98): truncated value with size 32 to match size of target (3)
Info (10264): Verilog HDL Case Statement information at instr_rom.sv(85): all case item expressions in this case statement are onehot
Warning (12125): Using design file fetch.sv, which is not specified as a design file for the current project, but contains definitions for 1 design units and 1 entities in project
    Info (12023): Found entity 1: fetch
Info (12128): Elaborating entity "fetch" for hierarchy "fetch:inst4"
Warning (10230): Verilog HDL assignment warning at fetch.sv(15): truncated value with size 32 to match size of target (8)
Warning (10230): Verilog HDL assignment warning at fetch.sv(17): truncated value with size 16 to match size of target (8)
Warning (12125): Using design file alu.sv, which is not specified as a design file for the current project, but contains definitions for 1 design units and 1 entities in project
    Info (12023): Found entity 1: alu
Info (12128): Elaborating entity "alu" for hierarchy "alu:inst1"
Warning (10230): Verilog HDL assignment warning at alu.sv(35): truncated value with size 32 to match size of target (8)
Warning (10230): Verilog HDL assignment warning at alu.sv(36): truncated value with size 32 to match size of target (8)
Warning (10230): Verilog HDL assignment warning at alu.sv(37): truncated value with size 32 to match size of target (1)
Warning (10230): Verilog HDL assignment warning at alu.sv(38): truncated value with size 32 to match size of target (1)
Warning (10230): Verilog HDL assignment warning at alu.sv(39): truncated value with size 32 to match size of target (1)
Warning (10958): SystemVerilog warning at alu.sv(27): unique or priority keyword makes case statement complete
Info (12128): Elaborating entity "control" for hierarchy "control:inst2"
Warning (13024): Output pins are stuck at VCC or GND
    Warning (13410): Pin "currentPC" is stuck at GND
Info (16010): Generating hard_block partition "hard_block:auto_generated_inst"
    Info (16011): Adding 0 node(s), including 0 DDIO, 0 PLL, 0 transceiver and 0 LCELL
Warning (21074): Design contains 36 input pin(s) that do not drive logic
    Warning (15610): No output dependent on input pin "clk"
    Warning (15610): No output dependent on input pin "clkFetch"
    Warning (15610): No output dependent on input pin "start"
    Warning (15610): No output dependent on input pin "branchFetch"
    Warning (15610): No output dependent on input pin "branchloc[15]"
    Warning (15610): No output dependent on input pin "branchloc[14]"
    Warning (15610): No output dependent on input pin "branchloc[13]"
    Warning (15610): No output dependent on input pin "branchloc[12]"
    Warning (15610): No output dependent on input pin "branchloc[11]"
    Warning (15610): No output dependent on input pin "branchloc[10]"
    Warning (15610): No output dependent on input pin "branchloc[9]"
    Warning (15610): No output dependent on input pin "branchloc[8]"
    Warning (15610): No output dependent on input pin "branchloc[7]"
    Warning (15610): No output dependent on input pin "branchloc[6]"
    Warning (15610): No output dependent on input pin "branchloc[5]"
    Warning (15610): No output dependent on input pin "branchloc[4]"
    Warning (15610): No output dependent on input pin "branchloc[3]"
    Warning (15610): No output dependent on input pin "branchloc[2]"
    Warning (15610): No output dependent on input pin "branchloc[1]"
    Warning (15610): No output dependent on input pin "branchloc[0]"
    Warning (15610): No output dependent on input pin "start_address[15]"
    Warning (15610): No output dependent on input pin "start_address[14]"
    Warning (15610): No output dependent on input pin "start_address[13]"
    Warning (15610): No output dependent on input pin "start_address[12]"
    Warning (15610): No output dependent on input pin "start_address[11]"
    Warning (15610): No output dependent on input pin "start_address[10]"
    Warning (15610): No output dependent on input pin "start_address[9]"
    Warning (15610): No output dependent on input pin "start_address[8]"
    Warning (15610): No output dependent on input pin "start_address[7]"
    Warning (15610): No output dependent on input pin "start_address[6]"
    Warning (15610): No output dependent on input pin "start_address[5]"
    Warning (15610): No output dependent on input pin "start_address[4]"
    Warning (15610): No output dependent on input pin "start_address[3]"
    Warning (15610): No output dependent on input pin "start_address[2]"
    Warning (15610): No output dependent on input pin "start_address[1]"
    Warning (15610): No output dependent on input pin "start_address[0]"
Info (21057): Implemented 37 device resources after synthesis - the final resource count might be different
    Info (21058): Implemented 36 input pins
    Info (21059): Implemented 1 output pins
Info: Quartus II 64-Bit Analysis & Synthesis was successful. 0 errors, 57 warnings
    Info: Peak virtual memory: 504 megabytes
    Info: Processing ended: Thu Feb 19 01:07:57 2015
    Info: Elapsed time: 00:00:02
    Info: Total CPU time (on all processors): 00:00:02


