Assembler report for Lab2
Fri Mar 13 08:01:19 2015
Quartus II 64-Bit Version 14.1.0 Build 186 12/03/2014 SJ Web Edition


---------------------
; Table of Contents ;
---------------------
  1. Legal Notice
  2. Assembler Summary
  3. Assembler Settings
  4. Assembler Generated Files
  5. Assembler Device Options: C:/Users/Mat/Documents/CSE 141L/Lab2/fuzzy-computing-machine/pipelined/Lab2.sof
  6. Assembler Messages



----------------
; Legal Notice ;
----------------
Copyright (C) 1991-2014 Altera Corporation. All rights reserved.
Your use of Altera Corporation's design tools, logic functions 
and other software and tools, and its AMPP partner logic 
functions, and any output files from any of the foregoing 
(including device programming or simulation files), and any 
associated documentation or information are expressly subject 
to the terms and conditions of the Altera Program License 
Subscription Agreement, the Altera Quartus II License Agreement,
the Altera MegaCore Function License Agreement, or other 
applicable license agreement, including, without limitation, 
that your use is for the sole purpose of programming logic 
devices manufactured by Altera and sold by Altera or its 
authorized distributors.  Please refer to the applicable 
agreement for further details.



+---------------------------------------------------------------+
; Assembler Summary                                             ;
+-----------------------+---------------------------------------+
; Assembler Status      ; Successful - Fri Mar 13 08:01:19 2015 ;
; Revision Name         ; Lab2                                  ;
; Top-level Entity Name ; Lab2                                  ;
; Family                ; Cyclone IV GX                         ;
; Device                ; EP4CGX15BF14C6                        ;
+-----------------------+---------------------------------------+


+----------------------------------+
; Assembler Settings               ;
+--------+---------+---------------+
; Option ; Setting ; Default Value ;
+--------+---------+---------------+


+---------------------------------------------------------------------------------+
; Assembler Generated Files                                                       ;
+---------------------------------------------------------------------------------+
; File Name                                                                       ;
+---------------------------------------------------------------------------------+
; C:/Users/Mat/Documents/CSE 141L/Lab2/fuzzy-computing-machine/pipelined/Lab2.sof ;
+---------------------------------------------------------------------------------+


+-----------------------------------------------------------------------------------------------------------+
; Assembler Device Options: C:/Users/Mat/Documents/CSE 141L/Lab2/fuzzy-computing-machine/pipelined/Lab2.sof ;
+----------------+------------------------------------------------------------------------------------------+
; Option         ; Setting                                                                                  ;
+----------------+------------------------------------------------------------------------------------------+
; Device         ; EP4CGX15BF14C6                                                                           ;
; JTAG usercode  ; 0x000BB000                                                                               ;
; Checksum       ; 0x000BB000                                                                               ;
+----------------+------------------------------------------------------------------------------------------+


+--------------------+
; Assembler Messages ;
+--------------------+
Info: *******************************************************************
Info: Running Quartus II 64-Bit Assembler
    Info: Version 14.1.0 Build 186 12/03/2014 SJ Web Edition
    Info: Processing started: Fri Mar 13 08:01:18 2015
Info: Command: quartus_asm --read_settings_files=off --write_settings_files=off Lab2 -c Lab2
Info (115031): Writing out detailed assembly data for power analysis
Info (115030): Assembler is generating device programming files
Info: Quartus II 64-Bit Assembler was successful. 0 errors, 0 warnings
    Info: Peak virtual memory: 605 megabytes
    Info: Processing ended: Fri Mar 13 08:01:19 2015
    Info: Elapsed time: 00:00:01
    Info: Total CPU time (on all processors): 00:00:01


